<?xml version="1.0" encoding="UTF-8"?>
<testsuite xmlns:xsi="http://www.w3.org/2001/XMLSchema-instance" xsi:noNamespaceSchemaLocation="https://maven.apache.org/surefire/maven-surefire-plugin/xsd/surefire-test-report.xsd" name="oct.soft.pma.dao.ProjectRepositoryIntegrationTest" time="0.76" tests="1" errors="0" skipped="0" failures="1">
  <properties>
    <property name="sun.desktop" value="windows"/>
    <property name="awt.toolkit" value="sun.awt.windows.WToolkit"/>
    <property name="java.specification.version" value="11"/>
    <property name="sun.cpu.isalist" value="amd64"/>
    <property name="sun.jnu.encoding" value="Cp1252"/>
    <property name="java.class.path" value="e:\workspace-sts4-course\project-management\target\test-classes;e:\workspace-sts4-course\project-management\target\classes;e:\.m2sts\repo\org\springframework\boot\spring-boot-starter-data-jpa\2.7.8\spring-boot-starter-data-jpa-2.7.8.jar;e:\.m2sts\repo\org\springframework\boot\spring-boot-starter-aop\2.7.8\spring-boot-starter-aop-2.7.8.jar;e:\.m2sts\repo\org\springframework\spring-aop\5.3.25\spring-aop-5.3.25.jar;e:\.m2sts\repo\org\aspectj\aspectjweaver\1.9.7\aspectjweaver-1.9.7.jar;e:\.m2sts\repo\org\springframework\boot\spring-boot-starter-jdbc\2.7.8\spring-boot-starter-jdbc-2.7.8.jar;e:\.m2sts\repo\com\zaxxer\HikariCP\4.0.3\HikariCP-4.0.3.jar;e:\.m2sts\repo\org\springframework\spring-jdbc\5.3.25\spring-jdbc-5.3.25.jar;e:\.m2sts\repo\jakarta\transaction\jakarta.transaction-api\1.3.3\jakarta.transaction-api-1.3.3.jar;e:\.m2sts\repo\jakarta\persistence\jakarta.persistence-api\2.2.3\jakarta.persistence-api-2.2.3.jar;e:\.m2sts\repo\org\hibernate\hibernate-core\5.6.14.Final\hibernate-core-5.6.14.Final.jar;e:\.m2sts\repo\org\jboss\logging\jboss-logging\3.4.3.Final\jboss-logging-3.4.3.Final.jar;e:\.m2sts\repo\net\bytebuddy\byte-buddy\1.12.22\byte-buddy-1.12.22.jar;e:\.m2sts\repo\antlr\antlr\2.7.7\antlr-2.7.7.jar;e:\.m2sts\repo\org\jboss\jandex\2.4.2.Final\jandex-2.4.2.Final.jar;e:\.m2sts\repo\com\fasterxml\classmate\1.5.1\classmate-1.5.1.jar;e:\.m2sts\repo\org\hibernate\common\hibernate-commons-annotations\5.1.2.Final\hibernate-commons-annotations-5.1.2.Final.jar;e:\.m2sts\repo\org\glassfish\jaxb\jaxb-runtime\2.3.7\jaxb-runtime-2.3.7.jar;e:\.m2sts\repo\org\glassfish\jaxb\txw2\2.3.7\txw2-2.3.7.jar;e:\.m2sts\repo\com\sun\istack\istack-commons-runtime\3.0.12\istack-commons-runtime-3.0.12.jar;e:\.m2sts\repo\com\sun\activation\jakarta.activation\1.2.2\jakarta.activation-1.2.2.jar;e:\.m2sts\repo\org\springframework\data\spring-data-jpa\2.7.7\spring-data-jpa-2.7.7.jar;e:\.m2sts\repo\org\springframework\data\spring-data-commons\2.7.7\spring-data-commons-2.7.7.jar;e:\.m2sts\repo\org\springframework\spring-orm\5.3.25\spring-orm-5.3.25.jar;e:\.m2sts\repo\org\springframework\spring-context\5.3.25\spring-context-5.3.25.jar;e:\.m2sts\repo\org\springframework\spring-tx\5.3.25\spring-tx-5.3.25.jar;e:\.m2sts\repo\org\springframework\spring-beans\5.3.25\spring-beans-5.3.25.jar;e:\.m2sts\repo\org\slf4j\slf4j-api\1.7.36\slf4j-api-1.7.36.jar;e:\.m2sts\repo\org\springframework\spring-aspects\5.3.25\spring-aspects-5.3.25.jar;e:\.m2sts\repo\org\springframework\boot\spring-boot-starter-thymeleaf\2.7.8\spring-boot-starter-thymeleaf-2.7.8.jar;e:\.m2sts\repo\org\thymeleaf\thymeleaf-spring5\3.0.15.RELEASE\thymeleaf-spring5-3.0.15.RELEASE.jar;e:\.m2sts\repo\org\thymeleaf\thymeleaf\3.0.15.RELEASE\thymeleaf-3.0.15.RELEASE.jar;e:\.m2sts\repo\org\attoparser\attoparser\2.0.5.RELEASE\attoparser-2.0.5.RELEASE.jar;e:\.m2sts\repo\org\unbescape\unbescape\1.1.6.RELEASE\unbescape-1.1.6.RELEASE.jar;e:\.m2sts\repo\org\thymeleaf\extras\thymeleaf-extras-java8time\3.0.4.RELEASE\thymeleaf-extras-java8time-3.0.4.RELEASE.jar;e:\.m2sts\repo\org\springframework\boot\spring-boot-starter-web\2.7.8\spring-boot-starter-web-2.7.8.jar;e:\.m2sts\repo\org\springframework\boot\spring-boot-starter-json\2.7.8\spring-boot-starter-json-2.7.8.jar;e:\.m2sts\repo\com\fasterxml\jackson\core\jackson-databind\2.13.4.2\jackson-databind-2.13.4.2.jar;e:\.m2sts\repo\com\fasterxml\jackson\core\jackson-annotations\2.13.4\jackson-annotations-2.13.4.jar;e:\.m2sts\repo\com\fasterxml\jackson\core\jackson-core\2.13.4\jackson-core-2.13.4.jar;e:\.m2sts\repo\com\fasterxml\jackson\datatype\jackson-datatype-jdk8\2.13.4\jackson-datatype-jdk8-2.13.4.jar;e:\.m2sts\repo\com\fasterxml\jackson\datatype\jackson-datatype-jsr310\2.13.4\jackson-datatype-jsr310-2.13.4.jar;e:\.m2sts\repo\com\fasterxml\jackson\module\jackson-module-parameter-names\2.13.4\jackson-module-parameter-names-2.13.4.jar;e:\.m2sts\repo\org\springframework\boot\spring-boot-starter-tomcat\2.7.8\spring-boot-starter-tomcat-2.7.8.jar;e:\.m2sts\repo\org\apache\tomcat\embed\tomcat-embed-core\9.0.71\tomcat-embed-core-9.0.71.jar;e:\.m2sts\repo\org\apache\tomcat\embed\tomcat-embed-el\9.0.71\tomcat-embed-el-9.0.71.jar;e:\.m2sts\repo\org\apache\tomcat\embed\tomcat-embed-websocket\9.0.71\tomcat-embed-websocket-9.0.71.jar;e:\.m2sts\repo\org\springframework\spring-web\5.3.25\spring-web-5.3.25.jar;e:\.m2sts\repo\org\springframework\spring-webmvc\5.3.25\spring-webmvc-5.3.25.jar;e:\.m2sts\repo\org\springframework\spring-expression\5.3.25\spring-expression-5.3.25.jar;e:\.m2sts\repo\org\springframework\boot\spring-boot-devtools\2.7.8\spring-boot-devtools-2.7.8.jar;e:\.m2sts\repo\org\springframework\boot\spring-boot\2.7.8\spring-boot-2.7.8.jar;e:\.m2sts\repo\org\springframework\boot\spring-boot-autoconfigure\2.7.8\spring-boot-autoconfigure-2.7.8.jar;e:\.m2sts\repo\com\h2database\h2\2.1.214\h2-2.1.214.jar;e:\.m2sts\repo\org\springframework\boot\spring-boot-starter-test\2.7.8\spring-boot-starter-test-2.7.8.jar;e:\.m2sts\repo\org\springframework\boot\spring-boot-test\2.7.8\spring-boot-test-2.7.8.jar;e:\.m2sts\repo\org\springframework\boot\spring-boot-test-autoconfigure\2.7.8\spring-boot-test-autoconfigure-2.7.8.jar;e:\.m2sts\repo\com\jayway\jsonpath\json-path\2.7.0\json-path-2.7.0.jar;e:\.m2sts\repo\net\minidev\json-smart\2.4.8\json-smart-2.4.8.jar;e:\.m2sts\repo\net\minidev\accessors-smart\2.4.8\accessors-smart-2.4.8.jar;e:\.m2sts\repo\org\ow2\asm\asm\9.1\asm-9.1.jar;e:\.m2sts\repo\jakarta\xml\bind\jakarta.xml.bind-api\2.3.3\jakarta.xml.bind-api-2.3.3.jar;e:\.m2sts\repo\jakarta\activation\jakarta.activation-api\1.2.2\jakarta.activation-api-1.2.2.jar;e:\.m2sts\repo\org\assertj\assertj-core\3.22.0\assertj-core-3.22.0.jar;e:\.m2sts\repo\org\hamcrest\hamcrest\2.2\hamcrest-2.2.jar;e:\.m2sts\repo\org\junit\jupiter\junit-jupiter\5.8.2\junit-jupiter-5.8.2.jar;e:\.m2sts\repo\org\junit\jupiter\junit-jupiter-api\5.8.2\junit-jupiter-api-5.8.2.jar;e:\.m2sts\repo\org\opentest4j\opentest4j\1.2.0\opentest4j-1.2.0.jar;e:\.m2sts\repo\org\junit\platform\junit-platform-commons\1.8.2\junit-platform-commons-1.8.2.jar;e:\.m2sts\repo\org\apiguardian\apiguardian-api\1.1.2\apiguardian-api-1.1.2.jar;e:\.m2sts\repo\org\junit\jupiter\junit-jupiter-params\5.8.2\junit-jupiter-params-5.8.2.jar;e:\.m2sts\repo\org\junit\jupiter\junit-jupiter-engine\5.8.2\junit-jupiter-engine-5.8.2.jar;e:\.m2sts\repo\org\junit\platform\junit-platform-engine\1.8.2\junit-platform-engine-1.8.2.jar;e:\.m2sts\repo\org\mockito\mockito-core\4.5.1\mockito-core-4.5.1.jar;e:\.m2sts\repo\net\bytebuddy\byte-buddy-agent\1.12.22\byte-buddy-agent-1.12.22.jar;e:\.m2sts\repo\org\objenesis\objenesis\3.2\objenesis-3.2.jar;e:\.m2sts\repo\org\mockito\mockito-junit-jupiter\4.5.1\mockito-junit-jupiter-4.5.1.jar;e:\.m2sts\repo\org\skyscreamer\jsonassert\1.5.1\jsonassert-1.5.1.jar;e:\.m2sts\repo\com\vaadin\external\google\android-json\0.0.20131108.vaadin1\android-json-0.0.20131108.vaadin1.jar;e:\.m2sts\repo\org\springframework\spring-core\5.3.25\spring-core-5.3.25.jar;e:\.m2sts\repo\org\springframework\spring-jcl\5.3.25\spring-jcl-5.3.25.jar;e:\.m2sts\repo\org\springframework\spring-test\5.3.25\spring-test-5.3.25.jar;e:\.m2sts\repo\org\xmlunit\xmlunit-core\2.9.1\xmlunit-core-2.9.1.jar;e:\.m2sts\repo\org\springframework\boot\spring-boot-starter\2.7.8\spring-boot-starter-2.7.8.jar;e:\.m2sts\repo\org\springframework\boot\spring-boot-starter-logging\2.7.8\spring-boot-starter-logging-2.7.8.jar;e:\.m2sts\repo\ch\qos\logback\logback-classic\1.2.11\logback-classic-1.2.11.jar;e:\.m2sts\repo\ch\qos\logback\logback-core\1.2.11\logback-core-1.2.11.jar;e:\.m2sts\repo\org\apache\logging\log4j\log4j-to-slf4j\2.17.2\log4j-to-slf4j-2.17.2.jar;e:\.m2sts\repo\org\apache\logging\log4j\log4j-api\2.17.2\log4j-api-2.17.2.jar;e:\.m2sts\repo\org\slf4j\jul-to-slf4j\1.7.36\jul-to-slf4j-1.7.36.jar;e:\.m2sts\repo\jakarta\annotation\jakarta.annotation-api\1.3.5\jakarta.annotation-api-1.3.5.jar;e:\.m2sts\repo\org\yaml\snakeyaml\1.30\snakeyaml-1.30.jar;e:\.m2sts\repo\org\postgresql\postgresql\42.3.8\postgresql-42.3.8.jar;e:\.m2sts\repo\org\checkerframework\checker-qual\3.5.0\checker-qual-3.5.0.jar;"/>
    <property name="java.vm.vendor" value="Eclipse Adoptium"/>
    <property name="sun.arch.data.model" value="64"/>
    <property name="user.variant" value=""/>
    <property name="java.vendor.url" value="https://adoptium.net/"/>
    <property name="user.timezone" value="Europe/Athens"/>
    <property name="java.vm.specification.version" value="11"/>
    <property name="os.name" value="Windows 10"/>
    <property name="sun.java.launcher" value="SUN_STANDARD"/>
    <property name="user.country" value="US"/>
    <property name="sun.boot.library.path" value="c:\dev\jdk-11\bin"/>
    <property name="sun.java.command" value="C:\Users\osantau\AppData\Local\Temp\surefire7592442046475682833\surefirebooter10140580379610036205.jar C:\Users\osantau\AppData\Local\Temp\surefire7592442046475682833 2023-02-06T13-20-37_957-jvmRun1 surefire2948474138540866096tmp surefire_013688013289472108423tmp"/>
    <property name="jdk.debug" value="release"/>
    <property name="surefire.test.class.path" value="e:\workspace-sts4-course\project-management\target\test-classes;e:\workspace-sts4-course\project-management\target\classes;e:\.m2sts\repo\org\springframework\boot\spring-boot-starter-data-jpa\2.7.8\spring-boot-starter-data-jpa-2.7.8.jar;e:\.m2sts\repo\org\springframework\boot\spring-boot-starter-aop\2.7.8\spring-boot-starter-aop-2.7.8.jar;e:\.m2sts\repo\org\springframework\spring-aop\5.3.25\spring-aop-5.3.25.jar;e:\.m2sts\repo\org\aspectj\aspectjweaver\1.9.7\aspectjweaver-1.9.7.jar;e:\.m2sts\repo\org\springframework\boot\spring-boot-starter-jdbc\2.7.8\spring-boot-starter-jdbc-2.7.8.jar;e:\.m2sts\repo\com\zaxxer\HikariCP\4.0.3\HikariCP-4.0.3.jar;e:\.m2sts\repo\org\springframework\spring-jdbc\5.3.25\spring-jdbc-5.3.25.jar;e:\.m2sts\repo\jakarta\transaction\jakarta.transaction-api\1.3.3\jakarta.transaction-api-1.3.3.jar;e:\.m2sts\repo\jakarta\persistence\jakarta.persistence-api\2.2.3\jakarta.persistence-api-2.2.3.jar;e:\.m2sts\repo\org\hibernate\hibernate-core\5.6.14.Final\hibernate-core-5.6.14.Final.jar;e:\.m2sts\repo\org\jboss\logging\jboss-logging\3.4.3.Final\jboss-logging-3.4.3.Final.jar;e:\.m2sts\repo\net\bytebuddy\byte-buddy\1.12.22\byte-buddy-1.12.22.jar;e:\.m2sts\repo\antlr\antlr\2.7.7\antlr-2.7.7.jar;e:\.m2sts\repo\org\jboss\jandex\2.4.2.Final\jandex-2.4.2.Final.jar;e:\.m2sts\repo\com\fasterxml\classmate\1.5.1\classmate-1.5.1.jar;e:\.m2sts\repo\org\hibernate\common\hibernate-commons-annotations\5.1.2.Final\hibernate-commons-annotations-5.1.2.Final.jar;e:\.m2sts\repo\org\glassfish\jaxb\jaxb-runtime\2.3.7\jaxb-runtime-2.3.7.jar;e:\.m2sts\repo\org\glassfish\jaxb\txw2\2.3.7\txw2-2.3.7.jar;e:\.m2sts\repo\com\sun\istack\istack-commons-runtime\3.0.12\istack-commons-runtime-3.0.12.jar;e:\.m2sts\repo\com\sun\activation\jakarta.activation\1.2.2\jakarta.activation-1.2.2.jar;e:\.m2sts\repo\org\springframework\data\spring-data-jpa\2.7.7\spring-data-jpa-2.7.7.jar;e:\.m2sts\repo\org\springframework\data\spring-data-commons\2.7.7\spring-data-commons-2.7.7.jar;e:\.m2sts\repo\org\springframework\spring-orm\5.3.25\spring-orm-5.3.25.jar;e:\.m2sts\repo\org\springframework\spring-context\5.3.25\spring-context-5.3.25.jar;e:\.m2sts\repo\org\springframework\spring-tx\5.3.25\spring-tx-5.3.25.jar;e:\.m2sts\repo\org\springframework\spring-beans\5.3.25\spring-beans-5.3.25.jar;e:\.m2sts\repo\org\slf4j\slf4j-api\1.7.36\slf4j-api-1.7.36.jar;e:\.m2sts\repo\org\springframework\spring-aspects\5.3.25\spring-aspects-5.3.25.jar;e:\.m2sts\repo\org\springframework\boot\spring-boot-starter-thymeleaf\2.7.8\spring-boot-starter-thymeleaf-2.7.8.jar;e:\.m2sts\repo\org\thymeleaf\thymeleaf-spring5\3.0.15.RELEASE\thymeleaf-spring5-3.0.15.RELEASE.jar;e:\.m2sts\repo\org\thymeleaf\thymeleaf\3.0.15.RELEASE\thymeleaf-3.0.15.RELEASE.jar;e:\.m2sts\repo\org\attoparser\attoparser\2.0.5.RELEASE\attoparser-2.0.5.RELEASE.jar;e:\.m2sts\repo\org\unbescape\unbescape\1.1.6.RELEASE\unbescape-1.1.6.RELEASE.jar;e:\.m2sts\repo\org\thymeleaf\extras\thymeleaf-extras-java8time\3.0.4.RELEASE\thymeleaf-extras-java8time-3.0.4.RELEASE.jar;e:\.m2sts\repo\org\springframework\boot\spring-boot-starter-web\2.7.8\spring-boot-starter-web-2.7.8.jar;e:\.m2sts\repo\org\springframework\boot\spring-boot-starter-json\2.7.8\spring-boot-starter-json-2.7.8.jar;e:\.m2sts\repo\com\fasterxml\jackson\core\jackson-databind\2.13.4.2\jackson-databind-2.13.4.2.jar;e:\.m2sts\repo\com\fasterxml\jackson\core\jackson-annotations\2.13.4\jackson-annotations-2.13.4.jar;e:\.m2sts\repo\com\fasterxml\jackson\core\jackson-core\2.13.4\jackson-core-2.13.4.jar;e:\.m2sts\repo\com\fasterxml\jackson\datatype\jackson-datatype-jdk8\2.13.4\jackson-datatype-jdk8-2.13.4.jar;e:\.m2sts\repo\com\fasterxml\jackson\datatype\jackson-datatype-jsr310\2.13.4\jackson-datatype-jsr310-2.13.4.jar;e:\.m2sts\repo\com\fasterxml\jackson\module\jackson-module-parameter-names\2.13.4\jackson-module-parameter-names-2.13.4.jar;e:\.m2sts\repo\org\springframework\boot\spring-boot-starter-tomcat\2.7.8\spring-boot-starter-tomcat-2.7.8.jar;e:\.m2sts\repo\org\apache\tomcat\embed\tomcat-embed-core\9.0.71\tomcat-embed-core-9.0.71.jar;e:\.m2sts\repo\org\apache\tomcat\embed\tomcat-embed-el\9.0.71\tomcat-embed-el-9.0.71.jar;e:\.m2sts\repo\org\apache\tomcat\embed\tomcat-embed-websocket\9.0.71\tomcat-embed-websocket-9.0.71.jar;e:\.m2sts\repo\org\springframework\spring-web\5.3.25\spring-web-5.3.25.jar;e:\.m2sts\repo\org\springframework\spring-webmvc\5.3.25\spring-webmvc-5.3.25.jar;e:\.m2sts\repo\org\springframework\spring-expression\5.3.25\spring-expression-5.3.25.jar;e:\.m2sts\repo\org\springframework\boot\spring-boot-devtools\2.7.8\spring-boot-devtools-2.7.8.jar;e:\.m2sts\repo\org\springframework\boot\spring-boot\2.7.8\spring-boot-2.7.8.jar;e:\.m2sts\repo\org\springframework\boot\spring-boot-autoconfigure\2.7.8\spring-boot-autoconfigure-2.7.8.jar;e:\.m2sts\repo\com\h2database\h2\2.1.214\h2-2.1.214.jar;e:\.m2sts\repo\org\springframework\boot\spring-boot-starter-test\2.7.8\spring-boot-starter-test-2.7.8.jar;e:\.m2sts\repo\org\springframework\boot\spring-boot-test\2.7.8\spring-boot-test-2.7.8.jar;e:\.m2sts\repo\org\springframework\boot\spring-boot-test-autoconfigure\2.7.8\spring-boot-test-autoconfigure-2.7.8.jar;e:\.m2sts\repo\com\jayway\jsonpath\json-path\2.7.0\json-path-2.7.0.jar;e:\.m2sts\repo\net\minidev\json-smart\2.4.8\json-smart-2.4.8.jar;e:\.m2sts\repo\net\minidev\accessors-smart\2.4.8\accessors-smart-2.4.8.jar;e:\.m2sts\repo\org\ow2\asm\asm\9.1\asm-9.1.jar;e:\.m2sts\repo\jakarta\xml\bind\jakarta.xml.bind-api\2.3.3\jakarta.xml.bind-api-2.3.3.jar;e:\.m2sts\repo\jakarta\activation\jakarta.activation-api\1.2.2\jakarta.activation-api-1.2.2.jar;e:\.m2sts\repo\org\assertj\assertj-core\3.22.0\assertj-core-3.22.0.jar;e:\.m2sts\repo\org\hamcrest\hamcrest\2.2\hamcrest-2.2.jar;e:\.m2sts\repo\org\junit\jupiter\junit-jupiter\5.8.2\junit-jupiter-5.8.2.jar;e:\.m2sts\repo\org\junit\jupiter\junit-jupiter-api\5.8.2\junit-jupiter-api-5.8.2.jar;e:\.m2sts\repo\org\opentest4j\opentest4j\1.2.0\opentest4j-1.2.0.jar;e:\.m2sts\repo\org\junit\platform\junit-platform-commons\1.8.2\junit-platform-commons-1.8.2.jar;e:\.m2sts\repo\org\apiguardian\apiguardian-api\1.1.2\apiguardian-api-1.1.2.jar;e:\.m2sts\repo\org\junit\jupiter\junit-jupiter-params\5.8.2\junit-jupiter-params-5.8.2.jar;e:\.m2sts\repo\org\junit\jupiter\junit-jupiter-engine\5.8.2\junit-jupiter-engine-5.8.2.jar;e:\.m2sts\repo\org\junit\platform\junit-platform-engine\1.8.2\junit-platform-engine-1.8.2.jar;e:\.m2sts\repo\org\mockito\mockito-core\4.5.1\mockito-core-4.5.1.jar;e:\.m2sts\repo\net\bytebuddy\byte-buddy-agent\1.12.22\byte-buddy-agent-1.12.22.jar;e:\.m2sts\repo\org\objenesis\objenesis\3.2\objenesis-3.2.jar;e:\.m2sts\repo\org\mockito\mockito-junit-jupiter\4.5.1\mockito-junit-jupiter-4.5.1.jar;e:\.m2sts\repo\org\skyscreamer\jsonassert\1.5.1\jsonassert-1.5.1.jar;e:\.m2sts\repo\com\vaadin\external\google\android-json\0.0.20131108.vaadin1\android-json-0.0.20131108.vaadin1.jar;e:\.m2sts\repo\org\springframework\spring-core\5.3.25\spring-core-5.3.25.jar;e:\.m2sts\repo\org\springframework\spring-jcl\5.3.25\spring-jcl-5.3.25.jar;e:\.m2sts\repo\org\springframework\spring-test\5.3.25\spring-test-5.3.25.jar;e:\.m2sts\repo\org\xmlunit\xmlunit-core\2.9.1\xmlunit-core-2.9.1.jar;e:\.m2sts\repo\org\springframework\boot\spring-boot-starter\2.7.8\spring-boot-starter-2.7.8.jar;e:\.m2sts\repo\org\springframework\boot\spring-boot-starter-logging\2.7.8\spring-boot-starter-logging-2.7.8.jar;e:\.m2sts\repo\ch\qos\logback\logback-classic\1.2.11\logback-classic-1.2.11.jar;e:\.m2sts\repo\ch\qos\logback\logback-core\1.2.11\logback-core-1.2.11.jar;e:\.m2sts\repo\org\apache\logging\log4j\log4j-to-slf4j\2.17.2\log4j-to-slf4j-2.17.2.jar;e:\.m2sts\repo\org\apache\logging\log4j\log4j-api\2.17.2\log4j-api-2.17.2.jar;e:\.m2sts\repo\org\slf4j\jul-to-slf4j\1.7.36\jul-to-slf4j-1.7.36.jar;e:\.m2sts\repo\jakarta\annotation\jakarta.annotation-api\1.3.5\jakarta.annotation-api-1.3.5.jar;e:\.m2sts\repo\org\yaml\snakeyaml\1.30\snakeyaml-1.30.jar;e:\.m2sts\repo\org\postgresql\postgresql\42.3.8\postgresql-42.3.8.jar;e:\.m2sts\repo\org\checkerframework\checker-qual\3.5.0\checker-qual-3.5.0.jar;"/>
    <property name="sun.cpu.endian" value="little"/>
    <property name="user.home" value="C:\Users\osantau"/>
    <property name="user.language" value="en"/>
    <property name="java.specification.vendor" value="Oracle Corporation"/>
    <property name="java.version.date" value="2022-02-08"/>
    <property name="java.home" value="c:\dev\jdk-11"/>
    <property name="file.separator" value="\"/>
    <property name="basedir" value="e:\workspace-sts4-course\project-management"/>
    <property name="java.vm.compressedOopsMode" value="32-bit"/>
    <property name="line.separator" value="&#10;"/>
    <property name="java.specification.name" value="Java Platform API Specification"/>
    <property name="java.vm.specification.vendor" value="Oracle Corporation"/>
    <property name="java.awt.graphicsenv" value="sun.awt.Win32GraphicsEnvironment"/>
    <property name="surefire.real.class.path" value="C:\Users\osantau\AppData\Local\Temp\surefire7592442046475682833\surefirebooter10140580379610036205.jar"/>
    <property name="user.script" value=""/>
    <property name="sun.management.compiler" value="HotSpot 64-Bit Tiered Compilers"/>
    <property name="java.runtime.version" value="11.0.14.1+1"/>
    <property name="user.name" value="osantau"/>
    <property name="path.separator" value=";"/>
    <property name="os.version" value="10.0"/>
    <property name="java.runtime.name" value="OpenJDK Runtime Environment"/>
    <property name="skipTest" value="true"/>
    <property name="file.encoding" value="Cp1252"/>
    <property name="java.vm.name" value="OpenJDK 64-Bit Server VM"/>
    <property name="java.vendor.version" value="Temurin-11.0.14.1+1"/>
    <property name="localRepository" value="e:\.m2sts\repo"/>
    <property name="java.vendor.url.bug" value="https://github.com/adoptium/adoptium-support/issues"/>
    <property name="java.io.tmpdir" value="C:\Users\osantau\AppData\Local\Temp\"/>
    <property name="java.version" value="11.0.14.1"/>
    <property name="user.dir" value="e:\workspace-sts4-course\project-management"/>
    <property name="os.arch" value="amd64"/>
    <property name="java.vm.specification.name" value="Java Virtual Machine Specification"/>
    <property name="java.awt.printerjob" value="sun.awt.windows.WPrinterJob"/>
    <property name="sun.os.patch.level" value=""/>
    <property name="java.library.path" value="c:\dev\jdk-11\bin;C:\WINDOWS\Sun\Java\bin;C:\WINDOWS\system32;C:\WINDOWS;D:\dev\Python39\Scripts\;D:\dev\Python39\;C:\dev\jdk-8.0.292.10-hotspot\bin;C:\ProgramData\Oracle\Java\javapath;C:\Windows\system32;C:\Windows;C:\Windows\System32\Wbem;C:\Windows\System32\WindowsPowerShell\v1.0\;C:\Windows\System32\OpenSSH\;C:\Program Files\TortoiseSVN\bin;C:\dev\Git\cmd;C:\dev\Python37\Scripts;C:\Users\osantau\AppData\Roaming\npm;D:\java\apache-ant-1.10.3\bin;D:\PostgreSQL\9.6\bin;C:\Program Files\dotnet\;C:\Program Files (x86)\sbt\bin;C:\dev\Python37\Scripts\;C:\dev\Python37\;C:\Users\osantau\AppData\Local\Microsoft\WindowsApps;c:\dev\Microsoft VS Code\bin;C:\Users\osantau\.dotnet\tools;e:\development\tomcat-8.5.34\lib\sigar;E:\development\UltraWebServer\core\php81;C:\ProgramData\ComposerSetup\bin;C:\WINDOWS\system32;C:\WINDOWS;C:\WINDOWS\System32\Wbem;C:\WINDOWS\System32\WindowsPowerShell\v1.0\;C:\WINDOWS\System32\OpenSSH\;D:\dev\Go\bin;d:\ffmpeg-n4.4.1-2-gcc33e73618-win64-gpl-4.4\bin\;C:\Program Files (x86)\NVIDIA Corporation\PhysX\Common;C:\Program Files\NVIDIA Corporation\NVIDIA NvDLISR;d:\dev\grails-5.1.1\bin\;c:\dev\apache-maven-3.8.5\bin\;d:\dev\gradle-7.3.3\bin\;C:\dev\TortoiseGit\bin;C:\Program Files\VSCodium\bin;C:\Program Files (x86)\GtkSharp\2.12\bin;C:\Program Files\Azure Data Studio\bin;C:\Program Files (x86)\Microsoft SQL Server\140\Tools\Binn\;C:\Program Files\Microsoft SQL Server\140\Tools\Binn\;C:\Program Files (x86)\Microsoft SQL Server\140\DTS\Binn\;C:\Program Files\Microsoft SQL Server\140\DTS\Binn\;C:\Program Files\Microsoft SQL Server\Client SDK\ODBC\130\Tools\Binn\;C:\Program Files (x86)\Microsoft SQL Server\150\DTS\Binn\;D:\wamp64\bin\php\php7.4.26;C:\Program Files\nodejs\;C:\Program Files\Mozilla Firefox;D:\PostgreSQL\12\bin;c:\Program Files\Avidemux 2.8 VC++ 64bits;C:\Program Files\gs\gs10.00.0\bin;C:\Program Files\Docker\Docker\resources\bin;C:\dev\Ruby31-x64\bin;C:\Users\osantau\.cargo\bin;C:\dev\Python37\Scripts\;C:\dev\Python37\;C:\Users\osantau\AppData\Local\Microsoft\WindowsApps;C:\Users\osantau\.dotnet\tools;C:\Users\osantau\AppData\Roaming\Composer\vendor\bin;C:\Users\osantau\go\bin;C:\Program Files\Azure Data Studio\bin;c:\dev\Microsoft VS Code\bin;C:\Users\osantau\AppData\Roaming\npm;C:\Users\osantau\.dotnet\tools;."/>
    <property name="java.vm.info" value="mixed mode"/>
    <property name="java.vendor" value="Eclipse Adoptium"/>
    <property name="java.vm.version" value="11.0.14.1+1"/>
    <property name="sun.io.unicode.encoding" value="UnicodeLittle"/>
    <property name="java.class.version" value="55.0"/>
  </properties>
  <testcase name="ifNewProjectSaved_thenSuccess" classname="oct.soft.pma.dao.ProjectRepositoryIntegrationTest" time="0.08">
    <failure message="expected: &lt;1&gt; but was: &lt;5&gt;" type="org.opentest4j.AssertionFailedError"><![CDATA[org.opentest4j.AssertionFailedError: expected: <1> but was: <5>
	at oct.soft.pma.dao.ProjectRepositoryIntegrationTest.ifNewProjectSaved_thenSuccess(ProjectRepositoryIntegrationTest.java:29)
]]></failure>
    <system-out><![CDATA[2023-02-06 13:20:47.988  INFO 18032 --- [           main] .b.t.c.SpringBootTestContextBootstrapper : Neither @ContextConfiguration nor @ContextHierarchy found for test class [oct.soft.pma.dao.ProjectRepositoryIntegrationTest], using SpringBootContextLoader
2023-02-06 13:20:47.989  INFO 18032 --- [           main] o.s.t.c.support.AbstractContextLoader    : Could not detect default resource locations for test class [oct.soft.pma.dao.ProjectRepositoryIntegrationTest]: no resource found for suffixes {-context.xml, Context.groovy}.
2023-02-06 13:20:47.989  INFO 18032 --- [           main] t.c.s.AnnotationConfigContextLoaderUtils : Could not detect default configuration classes for test class [oct.soft.pma.dao.ProjectRepositoryIntegrationTest]: ProjectRepositoryIntegrationTest does not declare any static, non-private, non-final, nested classes annotated with @Configuration.
2023-02-06 13:20:47.995  INFO 18032 --- [           main] .b.t.c.SpringBootTestContextBootstrapper : Found @SpringBootConfiguration oct.soft.pma.ProjectManagementApplication for test class oct.soft.pma.dao.ProjectRepositoryIntegrationTest
2023-02-06 13:20:47.997  INFO 18032 --- [           main] .b.t.c.SpringBootTestContextBootstrapper : Loaded default TestExecutionListener class names from location [META-INF/spring.factories]: [org.springframework.boot.test.mock.mockito.MockitoTestExecutionListener, org.springframework.boot.test.mock.mockito.ResetMocksTestExecutionListener, org.springframework.boot.test.autoconfigure.restdocs.RestDocsTestExecutionListener, org.springframework.boot.test.autoconfigure.web.client.MockRestServiceServerResetTestExecutionListener, org.springframework.boot.test.autoconfigure.web.servlet.MockMvcPrintOnlyOnFailureTestExecutionListener, org.springframework.boot.test.autoconfigure.web.servlet.WebDriverTestExecutionListener, org.springframework.boot.test.autoconfigure.webservices.client.MockWebServiceServerTestExecutionListener, org.springframework.test.context.web.ServletTestExecutionListener, org.springframework.test.context.support.DirtiesContextBeforeModesTestExecutionListener, org.springframework.test.context.event.ApplicationEventsTestExecutionListener, org.springframework.test.context.support.DependencyInjectionTestExecutionListener, org.springframework.test.context.support.DirtiesContextTestExecutionListener, org.springframework.test.context.transaction.TransactionalTestExecutionListener, org.springframework.test.context.jdbc.SqlScriptsTestExecutionListener, org.springframework.test.context.event.EventPublishingTestExecutionListener]
2023-02-06 13:20:47.998  INFO 18032 --- [           main] .b.t.c.SpringBootTestContextBootstrapper : Using TestExecutionListeners: [org.springframework.test.context.web.ServletTestExecutionListener@7f69c4c0, org.springframework.test.context.support.DirtiesContextBeforeModesTestExecutionListener@6a9a6a0c, org.springframework.test.context.event.ApplicationEventsTestExecutionListener@1cdb290c, org.springframework.boot.test.mock.mockito.MockitoTestExecutionListener@77f95e19, org.springframework.boot.test.autoconfigure.SpringBootDependencyInjectionTestExecutionListener@4607cbe2, org.springframework.test.context.support.DirtiesContextTestExecutionListener@7ff40324, org.springframework.test.context.transaction.TransactionalTestExecutionListener@3a22d69f, org.springframework.test.context.jdbc.SqlScriptsTestExecutionListener@7164e54, org.springframework.test.context.event.EventPublishingTestExecutionListener@7f36cd8f, org.springframework.boot.test.mock.mockito.ResetMocksTestExecutionListener@20040c6e, org.springframework.boot.test.autoconfigure.restdocs.RestDocsTestExecutionListener@cbea0df, org.springframework.boot.test.autoconfigure.web.client.MockRestServiceServerResetTestExecutionListener@396f3bf2, org.springframework.boot.test.autoconfigure.web.servlet.MockMvcPrintOnlyOnFailureTestExecutionListener@70fcd3e5, org.springframework.boot.test.autoconfigure.web.servlet.WebDriverTestExecutionListener@701bd6e8, org.springframework.boot.test.autoconfigure.webservices.client.MockWebServiceServerTestExecutionListener@9da386c]

  .   ____          _            __ _ _
 /\\ / ___'_ __ _ _(_)_ __  __ _ \ \ \ \
( ( )\___ | '_ | '_| | '_ \/ _` | \ \ \ \
 \\/  ___)| |_)| | | | | || (_| |  ) ) ) )
  '  |____| .__|_| |_|_| |_\__, | / / / /
 =========|_|==============|___/=/_/_/_/
 :: Spring Boot ::                (v2.7.8)

2023-02-06 13:20:48.045  INFO 18032 --- [           main] o.s.p.d.ProjectRepositoryIntegrationTest : Starting ProjectRepositoryIntegrationTest using Java 11.0.14.1 on osantau with PID 18032 (started by osantau in e:\workspace-sts4-course\project-management)
2023-02-06 13:20:48.045  INFO 18032 --- [           main] o.s.p.d.ProjectRepositoryIntegrationTest : No active profile set, falling back to 1 default profile: "default"
2023-02-06 13:20:48.166  INFO 18032 --- [           main] .s.d.r.c.RepositoryConfigurationDelegate : Bootstrapping Spring Data JPA repositories in DEFAULT mode.
2023-02-06 13:20:48.174  INFO 18032 --- [           main] .s.d.r.c.RepositoryConfigurationDelegate : Finished Spring Data repository scanning in 7 ms. Found 2 JPA repository interfaces.
2023-02-06 13:20:48.249  INFO 18032 --- [           main] com.zaxxer.hikari.HikariDataSource       : HikariPool-2 - Starting...
2023-02-06 13:20:48.250  INFO 18032 --- [           main] com.zaxxer.hikari.HikariDataSource       : HikariPool-2 - Start completed.
2023-02-06 13:20:48.289  INFO 18032 --- [           main] o.hibernate.jpa.internal.util.LogHelper  : HHH000204: Processing PersistenceUnitInfo [name: default]
2023-02-06 13:20:48.295  INFO 18032 --- [           main] org.hibernate.dialect.Dialect            : HHH000400: Using dialect: org.hibernate.dialect.H2Dialect
Hibernate: drop table if exists employee CASCADE 
Hibernate: drop table if exists project CASCADE 
Hibernate: drop table if exists project_employee CASCADE 
Hibernate: create table employee (employee_id bigint generated by default as identity, email varchar(255), first_name varchar(255), last_name varchar(255), primary key (employee_id))
Hibernate: create table project (project_id bigint generated by default as identity, description varchar(255), name varchar(255), stage varchar(255), primary key (project_id))
Hibernate: create table project_employee (project_id bigint not null, employee_id bigint not null)
Hibernate: alter table project_employee add constraint FKn5yqs0xm3rmsg62n84ccyk4k0 foreign key (employee_id) references employee
Hibernate: alter table project_employee add constraint FK1907nkisp2dlsswuycpnakiv8 foreign key (project_id) references project
2023-02-06 13:20:48.330  INFO 18032 --- [           main] o.h.e.t.j.p.i.JtaPlatformInitiator       : HHH000490: Using JtaPlatform implementation: [org.hibernate.engine.transaction.jta.platform.internal.NoJtaPlatform]
2023-02-06 13:20:48.330  INFO 18032 --- [           main] j.LocalContainerEntityManagerFactoryBean : Initialized JPA EntityManagerFactory for persistence unit 'default'
2023-02-06 13:20:48.478  WARN 18032 --- [           main] JpaBaseConfiguration$JpaWebConfiguration : spring.jpa.open-in-view is enabled by default. Therefore, database queries may be performed during view rendering. Explicitly configure spring.jpa.open-in-view to disable this warning
2023-02-06 13:20:48.549  INFO 18032 --- [           main] o.s.b.a.h2.H2ConsoleAutoConfiguration    : H2 console available at '/h2-console'. Database available at 'jdbc:h2:mem:testdb'
2023-02-06 13:20:48.683  INFO 18032 --- [           main] o.s.p.d.ProjectRepositoryIntegrationTest : Started ProjectRepositoryIntegrationTest in 0.676 seconds (JVM running for 9.999)
Hibernate: insert into project (project_id, description, name, stage) values (default, ?, ?, ?)
Hibernate: select project0_.project_id as project_1_1_, project0_.description as descript2_1_, project0_.name as name3_1_, project0_.stage as stage4_1_ from project project0_
]]></system-out>
  </testcase>
</testsuite>